---------------------------------------------------------------
[ 2020-04-13T18:01:23+08:00 ] 172.19.16.194 GET 172.18.74.205/
[运行时间：0.194326s] [吞吐率：5.15req/s] [内存消耗：1,740.89kb] [文件加载：32]
[ info ] [ LANG ] /Users/const/Documents/Feture/Wind/thinkphp/lang/zh-cn.php
[ info ] [ BIND ] 'home'
[ info ] [ ROUTE ] array (
  'type' => 'module',
  'module' => 
  array (
    0 => 'home',
    1 => NULL,
    2 => NULL,
  ),
)
[ info ] [ HEADER ] array (
  'host' => '172.18.74.205',
  'upgrade-insecure-requests' => '1',
  'accept' => 'text/html,application/xhtml+xml,application/xml;q=0.9,*/*;q=0.8',
  'user-agent' => 'Mozilla/5.0 (iPhone; CPU iPhone OS 12_4_6 like Mac OS X) AppleWebKit/605.1.15 (KHTML, like Gecko) Version/12.1.2 Mobile/15E148 Safari/604.1',
  'accept-language' => 'zh-cn',
  'accept-encoding' => 'gzip, deflate',
  'connection' => 'keep-alive',
)
[ info ] [ PARAM ] array (
)
[ info ] [ RUN ] app\home\controller\Index->index[ /Users/const/Documents/Feture/Wind/application/home/controller/Index.php ]
[ info ] [ DB ] INIT mysql
[ info ] [ LOG ] INIT File
[ error ] [1045]SQLSTATE[HY000] [1045] Access denied for user 'root'@'localhost' (using password: NO)[/Users/const/Documents/Feture/Wind/thinkphp/library/think/db/Connection.php:295]
