---------------------------------------------------------------
[ 2020-04-14T17:11:34+08:00 ] 0.0.0.0 GET localhost/
[运行时间：0.140915s] [吞吐率：7.10req/s] [内存消耗：1,745.87kb] [文件加载：32]
[ info ] [ LANG ] /Users/const/Documents/Feture/Wind/thinkphp/lang/zh-cn.php
[ info ] [ BIND ] 'home'
[ info ] [ ROUTE ] array (
  'type' => 'module',
  'module' => 
  array (
    0 => 'home',
    1 => NULL,
    2 => NULL,
  ),
)
[ info ] [ HEADER ] array (
  'host' => 'localhost',
  'connection' => 'keep-alive',
  'cache-control' => 'max-age=0',
  'upgrade-insecure-requests' => '1',
  'user-agent' => 'Mozilla/5.0 (Macintosh; Intel Mac OS X 10_15_3) AppleWebKit/537.36 (KHTML, like Gecko) Chrome/80.0.3987.149 Safari/537.36',
  'accept' => 'text/html,application/xhtml+xml,application/xml;q=0.9,image/webp,image/apng,*/*;q=0.8,application/signed-exchange;v=b3;q=0.9',
  'sec-fetch-site' => 'cross-site',
  'sec-fetch-mode' => 'navigate',
  'sec-fetch-user' => '?1',
  'referer' => 'http://www.mdong.net.cn/a/a/tax/list_5_1.html',
  'accept-encoding' => 'gzip, deflate, br',
  'accept-language' => 'zh-CN,zh;q=0.9',
  'cookie' => '_ga=GA1.1.82956502.1586498339',
)
[ info ] [ PARAM ] array (
)
[ info ] [ RUN ] app\home\controller\Index->index[ /Users/const/Documents/Feture/Wind/application/home/controller/Index.php ]
[ info ] [ DB ] INIT mysql
[ info ] [ LOG ] INIT File
[ error ] [1045]SQLSTATE[HY000] [1045] Access denied for user 'root'@'localhost' (using password: NO)[/Users/const/Documents/Feture/Wind/thinkphp/library/think/db/Connection.php:295]
---------------------------------------------------------------
[ 2020-04-14T17:11:54+08:00 ] 0.0.0.0 GET localhost/
[运行时间：0.057332s] [吞吐率：17.44req/s] [内存消耗：1,745.88kb] [文件加载：32]
[ info ] [ LANG ] /Users/const/Documents/Feture/Wind/thinkphp/lang/zh-cn.php
[ info ] [ BIND ] 'home'
[ info ] [ ROUTE ] array (
  'type' => 'module',
  'module' => 
  array (
    0 => 'home',
    1 => NULL,
    2 => NULL,
  ),
)
[ info ] [ HEADER ] array (
  'host' => 'localhost',
  'connection' => 'keep-alive',
  'cache-control' => 'max-age=0',
  'upgrade-insecure-requests' => '1',
  'user-agent' => 'Mozilla/5.0 (Macintosh; Intel Mac OS X 10_15_3) AppleWebKit/537.36 (KHTML, like Gecko) Chrome/80.0.3987.149 Safari/537.36',
  'accept' => 'text/html,application/xhtml+xml,application/xml;q=0.9,image/webp,image/apng,*/*;q=0.8,application/signed-exchange;v=b3;q=0.9',
  'sec-fetch-site' => 'cross-site',
  'sec-fetch-mode' => 'navigate',
  'sec-fetch-user' => '?1',
  'referer' => 'http://www.mdong.net.cn/a/a/finan/list_3_1.html',
  'accept-encoding' => 'gzip, deflate, br',
  'accept-language' => 'zh-CN,zh;q=0.9',
  'cookie' => '_ga=GA1.1.82956502.1586498339',
)
[ info ] [ PARAM ] array (
)
[ info ] [ RUN ] app\home\controller\Index->index[ /Users/const/Documents/Feture/Wind/application/home/controller/Index.php ]
[ info ] [ DB ] INIT mysql
[ info ] [ LOG ] INIT File
[ error ] [1045]SQLSTATE[HY000] [1045] Access denied for user 'root'@'localhost' (using password: NO)[/Users/const/Documents/Feture/Wind/thinkphp/library/think/db/Connection.php:295]
---------------------------------------------------------------
[ 2020-04-14T17:16:22+08:00 ] 0.0.0.0 GET localhost/
[运行时间：0.037760s] [吞吐率：26.48req/s] [内存消耗：1,746.33kb] [文件加载：32]
[ info ] [ LANG ] /Users/const/Documents/Feture/Wind/thinkphp/lang/zh-cn.php
[ info ] [ BIND ] 'home'
[ info ] [ ROUTE ] array (
  'type' => 'module',
  'module' => 
  array (
    0 => 'home',
    1 => NULL,
    2 => NULL,
  ),
)
[ info ] [ HEADER ] array (
  'host' => 'localhost',
  'connection' => 'keep-alive',
  'cache-control' => 'max-age=0',
  'upgrade-insecure-requests' => '1',
  'user-agent' => 'Mozilla/5.0 (Macintosh; Intel Mac OS X 10_15_3) AppleWebKit/537.36 (KHTML, like Gecko) Chrome/80.0.3987.149 Safari/537.36',
  'sec-fetch-dest' => 'document',
  'accept' => 'text/html,application/xhtml+xml,application/xml;q=0.9,image/webp,image/apng,*/*;q=0.8,application/signed-exchange;v=b3;q=0.9',
  'sec-fetch-site' => 'cross-site',
  'sec-fetch-mode' => 'navigate',
  'sec-fetch-user' => '?1',
  'referer' => 'http://www.mdong.net.cn/a/a/finan/list_3_1.html',
  'accept-encoding' => 'gzip, deflate, br',
  'accept-language' => 'zh-CN,zh;q=0.9',
  'cookie' => '_ga=GA1.1.82956502.1586498339',
)
[ info ] [ PARAM ] array (
)
[ info ] [ RUN ] app\home\controller\Index->index[ /Users/const/Documents/Feture/Wind/application/home/controller/Index.php ]
[ info ] [ DB ] INIT mysql
[ info ] [ LOG ] INIT File
[ error ] [1045]SQLSTATE[HY000] [1045] Access denied for user 'root'@'localhost' (using password: NO)[/Users/const/Documents/Feture/Wind/thinkphp/library/think/db/Connection.php:295]
---------------------------------------------------------------
[ 2020-04-14T17:22:25+08:00 ] 0.0.0.0 GET localhost/
[运行时间：0.063148s] [吞吐率：15.84req/s] [内存消耗：1,745.55kb] [文件加载：32]
[ info ] [ LANG ] /Users/const/Documents/Feture/Wind/thinkphp/lang/zh-cn.php
[ info ] [ BIND ] 'home'
[ info ] [ ROUTE ] array (
  'type' => 'module',
  'module' => 
  array (
    0 => 'home',
    1 => NULL,
    2 => NULL,
  ),
)
[ info ] [ HEADER ] array (
  'host' => 'localhost',
  'connection' => 'keep-alive',
  'cache-control' => 'max-age=0',
  'upgrade-insecure-requests' => '1',
  'user-agent' => 'Mozilla/5.0 (Macintosh; Intel Mac OS X 10_15_3) AppleWebKit/537.36 (KHTML, like Gecko) Chrome/80.0.3987.149 Safari/537.36',
  'accept' => 'text/html,application/xhtml+xml,application/xml;q=0.9,image/webp,image/apng,*/*;q=0.8,application/signed-exchange;v=b3;q=0.9',
  'sec-fetch-site' => 'none',
  'sec-fetch-mode' => 'navigate',
  'sec-fetch-user' => '?1',
  'accept-encoding' => 'gzip, deflate, br',
  'accept-language' => 'zh-CN,zh;q=0.9',
  'cookie' => '_ga=GA1.1.82956502.1586498339',
)
[ info ] [ PARAM ] array (
)
[ info ] [ RUN ] app\home\controller\Index->index[ /Users/const/Documents/Feture/Wind/application/home/controller/Index.php ]
[ info ] [ DB ] INIT mysql
[ info ] [ LOG ] INIT File
[ error ] [1045]SQLSTATE[HY000] [1045] Access denied for user 'root'@'localhost' (using password: NO)[/Users/const/Documents/Feture/Wind/thinkphp/library/think/db/Connection.php:295]
---------------------------------------------------------------
[ 2020-04-14T17:22:46+08:00 ] 0.0.0.0 GET localhost/
[运行时间：0.031363s] [吞吐率：31.88req/s] [内存消耗：1,743.66kb] [文件加载：32]
[ info ] [ LANG ] /Users/const/Documents/Feture/Wind/thinkphp/lang/zh-cn.php
[ info ] [ BIND ] 'home'
[ info ] [ ROUTE ] array (
  'type' => 'module',
  'module' => 
  array (
    0 => 'home',
    1 => NULL,
    2 => NULL,
  ),
)
[ info ] [ HEADER ] array (
  'host' => 'localhost',
  'connection' => 'keep-alive',
  'upgrade-insecure-requests' => '1',
  'user-agent' => 'Mozilla/5.0 (Macintosh; Intel Mac OS X 10_15_3) AppleWebKit/537.36 (KHTML, like Gecko) Chrome/80.0.3987.149 Safari/537.36',
  'accept' => 'text/html,application/xhtml+xml,application/xml;q=0.9,image/webp,image/apng,*/*;q=0.8,application/signed-exchange;v=b3;q=0.9',
  'sec-fetch-site' => 'none',
  'sec-fetch-mode' => 'navigate',
  'accept-encoding' => 'gzip, deflate, br',
  'accept-language' => 'zh-CN,zh;q=0.9',
  'cookie' => '_ga=GA1.1.82956502.1586498339',
)
[ info ] [ PARAM ] array (
)
[ info ] [ RUN ] app\home\controller\Index->index[ /Users/const/Documents/Feture/Wind/application/home/controller/Index.php ]
[ info ] [ DB ] INIT mysql
[ info ] [ LOG ] INIT File
[ error ] [1045]SQLSTATE[HY000] [1045] Access denied for user 'root'@'localhost' (using password: NO)[/Users/const/Documents/Feture/Wind/thinkphp/library/think/db/Connection.php:295]
---------------------------------------------------------------
[ 2020-04-14T17:22:50+08:00 ] 0.0.0.0 GET localhost/
[运行时间：0.037403s] [吞吐率：26.74req/s] [内存消耗：1,743.66kb] [文件加载：32]
[ info ] [ LANG ] /Users/const/Documents/Feture/Wind/thinkphp/lang/zh-cn.php
[ info ] [ BIND ] 'home'
[ info ] [ ROUTE ] array (
  'type' => 'module',
  'module' => 
  array (
    0 => 'home',
    1 => NULL,
    2 => NULL,
  ),
)
[ info ] [ HEADER ] array (
  'host' => 'localhost',
  'connection' => 'keep-alive',
  'upgrade-insecure-requests' => '1',
  'user-agent' => 'Mozilla/5.0 (Macintosh; Intel Mac OS X 10_15_3) AppleWebKit/537.36 (KHTML, like Gecko) Chrome/80.0.3987.149 Safari/537.36',
  'accept' => 'text/html,application/xhtml+xml,application/xml;q=0.9,image/webp,image/apng,*/*;q=0.8,application/signed-exchange;v=b3;q=0.9',
  'sec-fetch-site' => 'none',
  'sec-fetch-mode' => 'navigate',
  'accept-encoding' => 'gzip, deflate, br',
  'accept-language' => 'zh-CN,zh;q=0.9',
  'cookie' => '_ga=GA1.1.82956502.1586498339',
)
[ info ] [ PARAM ] array (
)
[ info ] [ RUN ] app\home\controller\Index->index[ /Users/const/Documents/Feture/Wind/application/home/controller/Index.php ]
[ info ] [ DB ] INIT mysql
[ info ] [ LOG ] INIT File
[ error ] [1045]SQLSTATE[HY000] [1045] Access denied for user 'root'@'localhost' (using password: NO)[/Users/const/Documents/Feture/Wind/thinkphp/library/think/db/Connection.php:295]
---------------------------------------------------------------
[ 2020-04-14T17:23:19+08:00 ] 0.0.0.0 GET localhost/
[运行时间：0.034804s] [吞吐率：28.73req/s] [内存消耗：1,745.75kb] [文件加载：32]
[ info ] [ LANG ] /Users/const/Documents/Feture/Wind/thinkphp/lang/zh-cn.php
[ info ] [ BIND ] 'home'
[ info ] [ ROUTE ] array (
  'type' => 'module',
  'module' => 
  array (
    0 => 'home',
    1 => NULL,
    2 => NULL,
  ),
)
[ info ] [ HEADER ] array (
  'host' => 'localhost',
  'connection' => 'keep-alive',
  'cache-control' => 'max-age=0',
  'upgrade-insecure-requests' => '1',
  'user-agent' => 'Mozilla/5.0 (Macintosh; Intel Mac OS X 10_15_3) AppleWebKit/537.36 (KHTML, like Gecko) Chrome/80.0.3987.149 Safari/537.36',
  'sec-fetch-dest' => 'document',
  'accept' => 'text/html,application/xhtml+xml,application/xml;q=0.9,image/webp,image/apng,*/*;q=0.8,application/signed-exchange;v=b3;q=0.9',
  'sec-fetch-site' => 'none',
  'sec-fetch-mode' => 'navigate',
  'sec-fetch-user' => '?1',
  'accept-encoding' => 'gzip, deflate, br',
  'accept-language' => 'zh-CN,zh;q=0.9',
  'cookie' => '_ga=GA1.1.82956502.1586498339',
)
[ info ] [ PARAM ] array (
)
[ info ] [ RUN ] app\home\controller\Index->index[ /Users/const/Documents/Feture/Wind/application/home/controller/Index.php ]
[ info ] [ DB ] INIT mysql
[ info ] [ LOG ] INIT File
[ error ] [1045]SQLSTATE[HY000] [1045] Access denied for user 'root'@'localhost' (using password: NO)[/Users/const/Documents/Feture/Wind/thinkphp/library/think/db/Connection.php:295]
---------------------------------------------------------------
[ 2020-04-14T17:29:30+08:00 ] 0.0.0.0 GET localhost/
[运行时间：0.056750s] [吞吐率：17.62req/s] [内存消耗：1,745.55kb] [文件加载：32]
[ info ] [ LANG ] /Users/const/Documents/Feture/Wind/thinkphp/lang/zh-cn.php
[ info ] [ BIND ] 'home'
[ info ] [ ROUTE ] array (
  'type' => 'module',
  'module' => 
  array (
    0 => 'home',
    1 => NULL,
    2 => NULL,
  ),
)
[ info ] [ HEADER ] array (
  'host' => 'localhost',
  'connection' => 'keep-alive',
  'cache-control' => 'max-age=0',
  'upgrade-insecure-requests' => '1',
  'user-agent' => 'Mozilla/5.0 (Macintosh; Intel Mac OS X 10_15_3) AppleWebKit/537.36 (KHTML, like Gecko) Chrome/80.0.3987.149 Safari/537.36',
  'accept' => 'text/html,application/xhtml+xml,application/xml;q=0.9,image/webp,image/apng,*/*;q=0.8,application/signed-exchange;v=b3;q=0.9',
  'sec-fetch-site' => 'none',
  'sec-fetch-mode' => 'navigate',
  'sec-fetch-user' => '?1',
  'accept-encoding' => 'gzip, deflate, br',
  'accept-language' => 'zh-CN,zh;q=0.9',
  'cookie' => '_ga=GA1.1.82956502.1586498339',
)
[ info ] [ PARAM ] array (
)
[ info ] [ RUN ] app\home\controller\Index->index[ /Users/const/Documents/Feture/Wind/application/home/controller/Index.php ]
[ info ] [ DB ] INIT mysql
[ info ] [ LOG ] INIT File
[ error ] [1045]SQLSTATE[HY000] [1045] Access denied for user 'root'@'localhost' (using password: NO)[/Users/const/Documents/Feture/Wind/thinkphp/library/think/db/Connection.php:295]
---------------------------------------------------------------
[ 2020-04-14T17:42:38+08:00 ] 0.0.0.0 GET localhost/
[运行时间：0.039115s] [吞吐率：25.57req/s] [内存消耗：1,745.75kb] [文件加载：32]
[ info ] [ LANG ] /Users/const/Documents/Feture/Wind/thinkphp/lang/zh-cn.php
[ info ] [ BIND ] 'home'
[ info ] [ ROUTE ] array (
  'type' => 'module',
  'module' => 
  array (
    0 => 'home',
    1 => NULL,
    2 => NULL,
  ),
)
[ info ] [ HEADER ] array (
  'host' => 'localhost',
  'connection' => 'keep-alive',
  'cache-control' => 'max-age=0',
  'upgrade-insecure-requests' => '1',
  'user-agent' => 'Mozilla/5.0 (Macintosh; Intel Mac OS X 10_15_3) AppleWebKit/537.36 (KHTML, like Gecko) Chrome/80.0.3987.149 Safari/537.36',
  'sec-fetch-dest' => 'document',
  'accept' => 'text/html,application/xhtml+xml,application/xml;q=0.9,image/webp,image/apng,*/*;q=0.8,application/signed-exchange;v=b3;q=0.9',
  'sec-fetch-site' => 'none',
  'sec-fetch-mode' => 'navigate',
  'sec-fetch-user' => '?1',
  'accept-encoding' => 'gzip, deflate, br',
  'accept-language' => 'zh-CN,zh;q=0.9',
  'cookie' => '_ga=GA1.1.82956502.1586498339',
)
[ info ] [ PARAM ] array (
)
[ info ] [ RUN ] app\home\controller\Index->index[ /Users/const/Documents/Feture/Wind/application/home/controller/Index.php ]
[ info ] [ DB ] INIT mysql
[ info ] [ LOG ] INIT File
[ error ] [1045]SQLSTATE[HY000] [1045] Access denied for user 'root'@'localhost' (using password: NO)[/Users/const/Documents/Feture/Wind/thinkphp/library/think/db/Connection.php:295]
